--------------------------------------------------------------------------------
Makelog started: 2025-08-06 00:01:41
Working directory: C:\GitHub\Task_JC_Git\paper_slides
--------------------------------------------------------------------------------
Input copies successfully created!
External copies successfully created!
Source logs successfully written!
WARNING! The following target files have been modified according to git status:
C:\GitHub\Task_JC_Git\data\output\chips_sold.pdf
C:\GitHub\Task_JC_Git\analysis\output\regression.csv
Version logs successfully written!
Executing command: `pdflatex -output-directory=..\latex_auxiliary_dir  "C:\GitHub\Task_JC_Git\paper_slides\code\paper.tex"`
This is pdfTeX, Version 3.141592653-2.6-1.40.27 (MiKTeX 25.4) (preloaded format=pdflatex.fmt)
 restricted \write18 enabled.
entering extended mode
(C:/GitHub/Task_JC_Git/paper_slides/code/paper.tex
LaTeX2e <2025-06-01> patch level 1
L3 programming layer <2025-07-19>
(C:\Users\User\AppData\Local\Programs\MiKTeX\tex/latex/base\article.cls
Document Class: article 2025/01/22 v1.4n Standard LaTeX document class
(C:\Users\User\AppData\Local\Programs\MiKTeX\tex/latex/base\size12.clo))
(C:\Users\User\AppData\Local\Programs\MiKTeX\tex/latex/psnfss\mathptmx.sty)
(C:\Users\User\AppData\Local\Programs\MiKTeX\tex/latex/base\inputenc.sty
(C:\Users\User\AppData\Local\Programs\MiKTeX\tex/latex/base\latin9.def))
(C:\Users\User\AppData\Local\Programs\MiKTeX\tex/latex/geometry\geometry.sty
(C:\Users\User\AppData\Local\Programs\MiKTeX\tex/latex/graphics\keyval.sty)
(C:\Users\User\AppData\Local\Programs\MiKTeX\tex/generic/iftex\ifvtex.sty
(C:\Users\User\AppData\Local\Programs\MiKTeX\tex/generic/iftex\iftex.sty))
(C:\Users\User\AppData\Local\Programs\MiKTeX\tex/latex/geometry\geometry.cfg))
(C:\Users\User\AppData\Local\Programs\MiKTeX\tex/latex/float\float.sty)
(C:\Users\User\AppData\Local\Programs\MiKTeX\tex/latex/amsmath\amsmath.sty
For additional information on amsmath, use the `?' option.
(C:\Users\User\AppData\Local\Programs\MiKTeX\tex/latex/amsmath\amstext.sty
(C:\Users\User\AppData\Local\Programs\MiKTeX\tex/latex/amsmath\amsgen.sty))
(C:\Users\User\AppData\Local\Programs\MiKTeX\tex/latex/amsmath\amsbsy.sty)
(C:\Users\User\AppData\Local\Programs\MiKTeX\tex/latex/amsmath\amsopn.sty))
(C:\Users\User\AppData\Local\Programs\MiKTeX\tex/latex/amscls\amsthm.sty)
(C:\Users\User\AppData\Local\Programs\MiKTeX\tex/latex/amsfonts\amssymb.sty
(C:\Users\User\AppData\Local\Programs\MiKTeX\tex/latex/amsfonts\amsfonts.sty))
(C:\Users\User\AppData\Local\Programs\MiKTeX\tex/latex/graphics\graphicx.sty
(C:\Users\User\AppData\Local\Programs\MiKTeX\tex/latex/graphics\graphics.sty
(C:\Users\User\AppData\Local\Programs\MiKTeX\tex/latex/graphics\trig.sty)
(C:\Users\User\AppData\Local\Programs\MiKTeX\tex/latex/graphics-cfg\graphics.cf
g)
(C:\Users\User\AppData\Local\Programs\MiKTeX\tex/latex/graphics-def\pdftex.def)
)) (C:\Users\User\AppData\Local\Programs\MiKTeX\tex/latex/setspace\setspace.sty
) (C:\Users\User\AppData\Local\Programs\MiKTeX\tex/latex/natbib\natbib.sty)
(C:\Users\User\AppData\Local\Programs\MiKTeX\tex/latex/tools\bm.sty)
(C:\Users\User\AppData\Local\Programs\MiKTeX\tex/latex/sectsty\sectsty.sty

LaTeX Warning: Command \underbar  has changed.
               Check if current package is valid.


LaTeX Warning: Command \underline  has changed.
               Check if current package is valid.

) (C:\Users\User\AppData\Local\Programs\MiKTeX\tex/latex/datetime\datetime.sty
(C:\Users\User\AppData\Local\Programs\MiKTeX\tex/latex/etoolbox\etoolbox.sty)
(C:\Users\User\AppData\Local\Programs\MiKTeX\tex/latex/fmtcount\fmtcount.sty
(C:\Users\User\AppData\Local\Programs\MiKTeX\tex/latex/base\ifthen.sty)
(C:\Users\User\AppData\Local\Programs\MiKTeX\tex/latex/xkeyval\xkeyval.sty
(C:\Users\User\AppData\Local\Programs\MiKTeX\tex/generic/xkeyval\xkeyval.tex
(C:\Users\User\AppData\Local\Programs\MiKTeX\tex/generic/xkeyval\xkvutils.tex))
) (C:\Users\User\AppData\Local\Programs\MiKTeX\tex/latex/fmtcount\fcprefix.sty
(C:\Users\User\AppData\Local\Programs\MiKTeX\tex/latex/fmtcount\fcnumparser.sty
)))
(C:\Users\User\AppData\Local\Programs\MiKTeX\tex/latex/datetime\datetime-defaul
ts.sty))
(C:\Users\User\AppData\Local\Programs\MiKTeX\tex/latex/pdflscape\pdflscape.sty
(C:\Users\User\AppData\Local\Programs\MiKTeX\tex/latex/pdflscape\pdflscape-nome
tadata.sty
(C:\Users\User\AppData\Local\Programs\MiKTeX\tex/latex/graphics\lscape.sty)))
(C:\Users\User\AppData\Local\Programs\MiKTeX\tex/generic/babel\babel.sty
(C:\Users\User\AppData\Local\Programs\MiKTeX\tex/generic/babel\txtbabel.def)
*************************************
* Local config file bblopts.cfg used
*
(C:\Users\User\AppData\Local\Programs\MiKTeX\tex/latex/arabi\bblopts.cfg)
(C:\Users\User\AppData\Local\Programs\MiKTeX\tex/latex/babel-english\english.ld
f
(C:\Users\User\AppData\Local\Programs\MiKTeX\tex/generic/babel/locale/en\babel-
english.tex)))
(C:\Users\User\AppData\Local\Programs\MiKTeX\tex/latex/psnfss\times.sty)
(C:\Users\User\AppData\Local\Programs\MiKTeX\tex/latex/caption\caption.sty
(C:\Users\User\AppData\Local\Programs\MiKTeX\tex/latex/caption\caption3.sty))
(C:\Users\User\AppData\Local\Programs\MiKTeX\tex/latex/footmisc\footmisc.sty)
(C:\Users\User\AppData\Local\Programs\MiKTeX\tex/latex/psnfss\ot1ptm.fd)
(C:\Users\User\AppData\Local\Programs\MiKTeX\tex/latex/l3backend\l3backend-pdft
ex.def)

LaTeX Warning: Unused global option(s):
    [hyperfootnotes].

No file paper.aux.
*geometry* driver: auto-detecting
*geometry* detected driver: pdftex
*geometry* verbose mode - [ preamble ] result:
* driver: pdftex
* paper: <default>
* layout: <same size as paper>
* layoutoffset:(h,v)=(0.0pt,0.0pt)
* modes: 
* h-part:(L,W,R)=(72.26999pt, 469.75502pt, 72.26999pt)
* v-part:(T,H,B)=(72.26999pt, 650.43001pt, 72.26999pt)
* \paperwidth=614.295pt
* \paperheight=794.96999pt
* \textwidth=469.75502pt
* \textheight=650.43001pt
* \oddsidemargin=0.0pt
* \evensidemargin=0.0pt
* \topmargin=-37.0pt
* \headheight=12.0pt
* \headsep=25.0pt
* \topskip=12.0pt
* \footskip=30.0pt
* \marginparwidth=44.0pt
* \marginparsep=10.0pt
* \columnsep=10.0pt
* \skip\footins=10.8pt plus 4.0pt minus 2.0pt
* \hoffset=0.0pt
* \voffset=0.0pt
* \mag=1000
* \@twocolumnfalse
* \@twosidefalse
* \@mparswitchfalse
* \@reversemarginfalse
* (1in=72.27pt=25.4mm, 1cm=28.453pt)


(C:\Users\User\AppData\Local\Programs\MiKTeX\tex/context/base/mkii\supp-pdf.mki
i
[Loading MPS to PDF converter (version 2006.09.02).]
)
(C:\Users\User\AppData\Local\Programs\MiKTeX\tex/latex/epstopdf-pkg\epstopdf-ba
se.sty
(C:\Users\User\AppData\Local\Programs\MiKTeX\tex/generic/infwarerr\infwarerr.st
y) (C:\Users\User\AppData\Local\Programs\MiKTeX\tex/latex/grfext\grfext.sty
(C:\Users\User\AppData\Local\Programs\MiKTeX\tex/generic/kvdefinekeys\kvdefinek
eys.sty))
(C:\Users\User\AppData\Local\Programs\MiKTeX\tex/latex/kvoptions\kvoptions.sty
(C:\Users\User\AppData\Local\Programs\MiKTeX\tex/generic/ltxcmds\ltxcmds.sty)
(C:\Users\User\AppData\Local\Programs\MiKTeX\tex/latex/kvsetkeys\kvsetkeys.sty)
)
(C:\Users\User\AppData\Local\Programs\MiKTeX\tex/generic/pdftexcmds\pdftexcmds.
sty)
(C:\Users\User\AppData\Local\Programs\MiKTeX\tex/latex/00miktex\epstopdf-sys.cf
g)) (C:\Users\User\AppData\Local\Programs\MiKTeX\tex/latex/psnfss\ot1ztmcm.fd)
(C:\Users\User\AppData\Local\Programs\MiKTeX\tex/latex/psnfss\omlztmcm.fd)
(C:\Users\User\AppData\Local\Programs\MiKTeX\tex/latex/psnfss\omsztmcm.fd)
(C:\Users\User\AppData\Local\Programs\MiKTeX\tex/latex/psnfss\omxztmcm.fd)
(C:\Users\User\AppData\Local\Programs\MiKTeX\tex/latex/psnfss\ts1ptm.fd)
[1{C:/Users/User/AppData/Local/MiKTeX/fonts/map/pdftex/pdftex.map}{C:/Users/Use
r/AppData/Local/Programs/MiKTeX/fonts/enc/dvips/base/8r.enc}]
[2]
[3] (figures.tex)
[4 <../input/chips_sold.pdf>] (../output/tables_filled.tex)
[5]
[6] (C:\GitHub\Task_JC_Git\paper_slides\latex_auxiliary_dir\paper.aux)

LaTeX Warning: Label(s) may have changed. Rerun to get cross-references right.

 )<C:/Users/User/AppData/Local/Programs/MiKTeX/fonts/type1/urw/symbol/usyr.pfb>
<C:/Users/User/AppData/Local/Programs/MiKTeX/fonts/type1/urw/times/utmb8a.pfb><
C:/Users/User/AppData/Local/Programs/MiKTeX/fonts/type1/urw/times/utmr8a.pfb><C
:/Users/User/AppData/Local/Programs/MiKTeX/fonts/type1/urw/times/utmri8a.pfb>
Output written on C:\GitHub\Task_JC_Git\paper_slides\latex_auxiliary_dir\paper.
pdf (6 pages, 52214 bytes).
Transcript written on C:\GitHub\Task_JC_Git\paper_slides\latex_auxiliary_dir\pa
per.log.

Executing command: `pdflatex -output-directory=..\latex_auxiliary_dir  "C:\GitHub\Task_JC_Git\paper_slides\code\online_appendix.tex"`
This is pdfTeX, Version 3.141592653-2.6-1.40.27 (MiKTeX 25.4) (preloaded format=pdflatex.fmt)
 restricted \write18 enabled.
entering extended mode
(C:/GitHub/Task_JC_Git/paper_slides/code/online_appendix.tex
LaTeX2e <2025-06-01> patch level 1
L3 programming layer <2025-07-19>
(C:\Users\User\AppData\Local\Programs\MiKTeX\tex/latex/base\article.cls
Document Class: article 2025/01/22 v1.4n Standard LaTeX document class
(C:\Users\User\AppData\Local\Programs\MiKTeX\tex/latex/base\size12.clo))
(C:\Users\User\AppData\Local\Programs\MiKTeX\tex/latex/base\inputenc.sty
(C:\Users\User\AppData\Local\Programs\MiKTeX\tex/latex/base\latin9.def))
(C:\Users\User\AppData\Local\Programs\MiKTeX\tex/latex/geometry\geometry.sty
(C:\Users\User\AppData\Local\Programs\MiKTeX\tex/latex/graphics\keyval.sty)
(C:\Users\User\AppData\Local\Programs\MiKTeX\tex/generic/iftex\ifvtex.sty
(C:\Users\User\AppData\Local\Programs\MiKTeX\tex/generic/iftex\iftex.sty))
(C:\Users\User\AppData\Local\Programs\MiKTeX\tex/latex/geometry\geometry.cfg))
(C:\Users\User\AppData\Local\Programs\MiKTeX\tex/latex/float\float.sty)
(C:\Users\User\AppData\Local\Programs\MiKTeX\tex/latex/amsmath\amsmath.sty
For additional information on amsmath, use the `?' option.
(C:\Users\User\AppData\Local\Programs\MiKTeX\tex/latex/amsmath\amstext.sty
(C:\Users\User\AppData\Local\Programs\MiKTeX\tex/latex/amsmath\amsgen.sty))
(C:\Users\User\AppData\Local\Programs\MiKTeX\tex/latex/amsmath\amsbsy.sty)
(C:\Users\User\AppData\Local\Programs\MiKTeX\tex/latex/amsmath\amsopn.sty))
(C:\Users\User\AppData\Local\Programs\MiKTeX\tex/latex/amscls\amsthm.sty)
(C:\Users\User\AppData\Local\Programs\MiKTeX\tex/latex/amsfonts\amssymb.sty
(C:\Users\User\AppData\Local\Programs\MiKTeX\tex/latex/amsfonts\amsfonts.sty))
(C:\Users\User\AppData\Local\Programs\MiKTeX\tex/latex/setspace\setspace.sty)
(C:\Users\User\AppData\Local\Programs\MiKTeX\tex/latex/sectsty\sectsty.sty

LaTeX Warning: Command \underbar  has changed.
               Check if current package is valid.


LaTeX Warning: Command \underline  has changed.
               Check if current package is valid.

) (C:\Users\User\AppData\Local\Programs\MiKTeX\tex/latex/anysize\anysize.sty
document style option `anysize' loaded
Michael Salzenberg, Thomas Esser, Dirk Hillbrecht
Version 1.0, Aug 13, 1994
) (C:\Users\User\AppData\Local\Programs\MiKTeX\tex/latex/datetime\datetime.sty
(C:\Users\User\AppData\Local\Programs\MiKTeX\tex/latex/etoolbox\etoolbox.sty)
(C:\Users\User\AppData\Local\Programs\MiKTeX\tex/latex/fmtcount\fmtcount.sty
(C:\Users\User\AppData\Local\Programs\MiKTeX\tex/latex/base\ifthen.sty)
(C:\Users\User\AppData\Local\Programs\MiKTeX\tex/latex/xkeyval\xkeyval.sty
(C:\Users\User\AppData\Local\Programs\MiKTeX\tex/generic/xkeyval\xkeyval.tex
(C:\Users\User\AppData\Local\Programs\MiKTeX\tex/generic/xkeyval\xkvutils.tex))
) (C:\Users\User\AppData\Local\Programs\MiKTeX\tex/latex/fmtcount\fcprefix.sty
(C:\Users\User\AppData\Local\Programs\MiKTeX\tex/latex/fmtcount\fcnumparser.sty
))
(C:\Users\User\AppData\Local\Programs\MiKTeX\tex/latex/fmtcount\fc-english.def)
)
(C:\Users\User\AppData\Local\Programs\MiKTeX\tex/latex/datetime\datetime-defaul
ts.sty))
(C:\Users\User\AppData\Local\Programs\MiKTeX\tex/latex/pdflscape\pdflscape.sty
(C:\Users\User\AppData\Local\Programs\MiKTeX\tex/latex/pdflscape\pdflscape-nome
tadata.sty
(C:\Users\User\AppData\Local\Programs\MiKTeX\tex/latex/graphics\lscape.sty
(C:\Users\User\AppData\Local\Programs\MiKTeX\tex/latex/graphics\graphics.sty
(C:\Users\User\AppData\Local\Programs\MiKTeX\tex/latex/graphics\trig.sty)
(C:\Users\User\AppData\Local\Programs\MiKTeX\tex/latex/graphics-cfg\graphics.cf
g)
(C:\Users\User\AppData\Local\Programs\MiKTeX\tex/latex/graphics-def\pdftex.def)
)))) (C:\Users\User\AppData\Local\Programs\MiKTeX\tex/latex/psnfss\times.sty)
(C:\Users\User\AppData\Local\Programs\MiKTeX\tex/latex/caption\caption.sty
(C:\Users\User\AppData\Local\Programs\MiKTeX\tex/latex/caption\caption3.sty))
(C:\Users\User\AppData\Local\Programs\MiKTeX\tex/latex/footmisc\footmisc.sty)
(C:\Users\User\AppData\Local\Programs\MiKTeX\tex/generic/babel\babel.sty
(C:\Users\User\AppData\Local\Programs\MiKTeX\tex/generic/babel\txtbabel.def)
*************************************
* Local config file bblopts.cfg used
*
(C:\Users\User\AppData\Local\Programs\MiKTeX\tex/latex/arabi\bblopts.cfg)
(C:\Users\User\AppData\Local\Programs\MiKTeX\tex/latex/babel-english\english.ld
f
(C:\Users\User\AppData\Local\Programs\MiKTeX\tex/generic/babel/locale/en\babel-
english.tex)))
(C:\Users\User\AppData\Local\Programs\MiKTeX\tex/latex/psnfss\ot1ptm.fd)
(C:\Users\User\AppData\Local\Programs\MiKTeX\tex/latex/l3backend\l3backend-pdft
ex.def)
No file online_appendix.aux.
*geometry* driver: auto-detecting
*geometry* detected driver: pdftex
*geometry* verbose mode - [ preamble ] result:
* driver: pdftex
* paper: <default>
* layout: <same size as paper>
* layoutoffset:(h,v)=(0.0pt,0.0pt)
* modes: 
* h-part:(L,W,R)=(72.26999pt, 469.75502pt, 72.26999pt)
* v-part:(T,H,B)=(72.26999pt, 650.43001pt, 72.26999pt)
* \paperwidth=597.50787pt
* \paperheight=845.04684pt
* \textwidth=455.24411pt
* \textheight=664.23584pt
* \oddsidemargin=13.08827pt
* \evensidemargin=-15.36449pt
* \topmargin=-15.36449pt
* \headheight=12.0pt
* \headsep=25.0pt
* \topskip=12.0pt
* \footskip=30.0pt
* \marginparwidth=44.0pt
* \marginparsep=10.0pt
* \columnsep=10.0pt
* \skip\footins=10.8pt plus 4.0pt minus 2.0pt
* \hoffset=0.0pt
* \voffset=0.0pt
* \mag=1000
* \@twocolumnfalse
* \@twosidefalse
* \@mparswitchfalse
* \@reversemarginfalse
* (1in=72.27pt=25.4mm, 1cm=28.453pt)


(C:\Users\User\AppData\Local\Programs\MiKTeX\tex/context/base/mkii\supp-pdf.mki
i
[Loading MPS to PDF converter (version 2006.09.02).]
)
(C:\Users\User\AppData\Local\Programs\MiKTeX\tex/latex/epstopdf-pkg\epstopdf-ba
se.sty
(C:\Users\User\AppData\Local\Programs\MiKTeX\tex/latex/00miktex\epstopdf-sys.cf
g)) (C:\Users\User\AppData\Local\Programs\MiKTeX\tex/latex/amsfonts\umsa.fd)
(C:\Users\User\AppData\Local\Programs\MiKTeX\tex/latex/amsfonts\umsb.fd)
(C:\Users\User\AppData\Local\Programs\MiKTeX\tex/latex/psnfss\ts1ptm.fd)
No file online_appendix.lot.
No file online_appendix.lof.

[1{C:/Users/User/AppData/Local/MiKTeX/fonts/map/pdftex/pdftex.map}{C:/Users/Use
r/AppData/Local/Programs/MiKTeX/fonts/enc/dvips/base/8r.enc}]
(C:\GitHub\Task_JC_Git\paper_slides\latex_auxiliary_dir\online_appendix.aux) )<
C:/Users/User/AppData/Local/Programs/MiKTeX/fonts/type1/urw/times/utmb8a.pfb><C
:/Users/User/AppData/Local/Programs/MiKTeX/fonts/type1/urw/times/utmr8a.pfb><C:
/Users/User/AppData/Local/Programs/MiKTeX/fonts/type1/urw/times/utmri8a.pfb>
Output written on C:\GitHub\Task_JC_Git\paper_slides\latex_auxiliary_dir\online
_appendix.pdf (1 page, 35866 bytes).
Transcript written on C:\GitHub\Task_JC_Git\paper_slides\latex_auxiliary_dir\on
line_appendix.log.

